<?xml version="1.0" encoding="UTF-8"?>
<!-- Generated by org.testng.reporters.JUnitReportReporter -->
<testsuite hostname="DESKTOP-8VVGM8J" failures="0" tests="1" name="com.iNetBanking.testCases.TC_LoginPage_001" time="3.862" errors="0" timestamp="2023-12-20T18:48:59 IST" skipped="0">
  <testcase classname="com.iNetBanking.testCases.TC_LoginPage_001" name="loginTest" time="3.862"/>
</testsuite> <!-- com.iNetBanking.testCases.TC_LoginPage_001 -->
